<?xml version="1.0" encoding="UTF-8"?>
<!-- Generated by org.testng.reporters.JUnitReportReporter -->
<testsuite hostname="Preetams-MacBook-Air.local" failures="0" tests="4" name="com.tests.TestingData" time="0.076" errors="0" timestamp="2023-08-01T16:42:36 IST" skipped="0">
  <testcase classname="com.tests.TestingData" name="testingExcelData" time="0.009"/>
  <system-out/>
  <testcase classname="com.tests.TestingData" name="testingExcelData" time="0.005"/>
  <system-out/>
  <testcase classname="com.tests.TestingData" name="testingExcelData" time="0.005"/>
  <system-out/>
  <testcase classname="com.tests.TestingData" name="testingExcelData" time="0.057"/>
  <system-out/>
</testsuite> <!-- com.tests.TestingData -->
