<?xml version="1.0" encoding="UTF-8"?>
<!-- Generated by org.testng.reporters.JUnitReportReporter -->
<testsuite hostname="Preetams-MacBook-Air.local" failures="0" tests="9" name="com.tests.ValidationEpic1" time="134.762" errors="0" timestamp="2023-09-11T01:26:19 IST" skipped="8">
  <testcase classname="com.tests.ValidationEpic1" name="searchProduct" time="134.762"/>
  <system-out/>
  <testcase classname="com.tests.ValidationEpic1" name="searchFlights4">
    <skipped/>
  </testcase> <!-- searchFlights4 -->
  <system-out/>
  <testcase classname="com.tests.ValidationEpic1" name="searchFlights2">
    <skipped/>
  </testcase> <!-- searchFlights2 -->
  <system-out/>
  <testcase classname="com.tests.ValidationEpic1" name="searchFlights">
    <skipped/>
  </testcase> <!-- searchFlights -->
  <system-out/>
  <testcase classname="com.tests.ValidationEpic1" name="validateOfferesIsSelectedNegative">
    <skipped/>
  </testcase> <!-- validateOfferesIsSelectedNegative -->
  <system-out/>
  <testcase classname="com.tests.ValidationEpic1" name="validateBrokenIsSelected">
    <skipped/>
  </testcase> <!-- validateBrokenIsSelected -->
  <system-out/>
  <testcase classname="com.tests.ValidationEpic1" name="validateHotelIsSelected2">
    <skipped/>
  </testcase> <!-- validateHotelIsSelected2 -->
  <system-out/>
  <testcase classname="com.tests.ValidationEpic1" name="validateOfferesIsSelected">
    <skipped/>
  </testcase> <!-- validateOfferesIsSelected -->
  <system-out/>
  <testcase classname="com.tests.ValidationEpic1" name="searchFlights3">
    <skipped/>
  </testcase> <!-- searchFlights3 -->
  <system-out/>
</testsuite> <!-- com.tests.ValidationEpic1 -->
