<?xml version="1.0" encoding="UTF-8"?>
<!-- Generated by org.testng.reporters.JUnitReportReporter -->
<testsuite hostname="Preetams-MacBook-Air.local" failures="0" tests="2" name="com.tests.TestingData" time="1.873" errors="0" timestamp="2023-08-06T01:55:46 IST" skipped="1">
  <testcase classname="com.tests.TestingData" name="excelTest" time="1.873"/>
  <system-out/>
  <testcase classname="com.tests.TestingData" name="testingExcelData">
    <skipped/>
  </testcase> <!-- testingExcelData -->
  <system-out/>
</testsuite> <!-- com.tests.TestingData -->
