<?xml version="1.0" encoding="UTF-8"?>
<!-- Generated by org.testng.reporters.JUnitReportReporter -->
<testsuite hostname="Preetams-MacBook-Air.local" failures="0" tests="1" name="com.tests.TestHomePageTestCases" time="0.013" errors="0" timestamp="2023-07-12T14:58:29 IST" skipped="0">
  <testcase classname="com.tests.TestHomePageTestCases" name="test1" time="0.013"/>
  <system-out/>
</testsuite> <!-- com.tests.TestHomePageTestCases -->
