<?xml version="1.0" encoding="UTF-8"?>
<!-- Generated by org.testng.reporters.JUnitReportReporter -->
<testsuite hostname="Preetam-PC" failures="0" tests="28" name="com.tests.ValidationEpic1" time="337.804" errors="0" timestamp="2023-09-18T03:01:43 IST" skipped="16">
  <testcase classname="com.tests.ValidationEpic1" name="searchProduct_2nd" time="33.555"/>
  <system-out/>
  <testcase classname="com.tests.ValidationEpic1" name="searchProduct" time="18.545"/>
  <system-out/>
  <testcase classname="com.tests.ValidationEpic1" name="searchProduct_2nd" time="35.829"/>
  <system-out/>
  <testcase classname="com.tests.ValidationEpic1" name="searchProduct_3rd" time="15.585"/>
  <system-out/>
  <testcase classname="com.tests.ValidationEpic1" name="searchProduct" time="35.295"/>
  <system-out/>
  <testcase classname="com.tests.ValidationEpic1" name="searchProduct_2nd" time="19.332"/>
  <system-out/>
  <testcase classname="com.tests.ValidationEpic1" name="searchProduct" time="18.588"/>
  <system-out/>
  <testcase classname="com.tests.ValidationEpic1" name="searchProduct_2nd" time="30.019"/>
  <system-out/>
  <testcase classname="com.tests.ValidationEpic1" name="searchProduct" time="30.296"/>
  <system-out/>
  <testcase classname="com.tests.ValidationEpic1" name="searchProduct_3rd" time="34.522"/>
  <system-out/>
  <testcase classname="com.tests.ValidationEpic1" name="searchProduct_3rd" time="29.369"/>
  <system-out/>
  <testcase classname="com.tests.ValidationEpic1" name="searchProduct_3rd" time="36.869"/>
  <system-out/>
  <testcase classname="com.tests.ValidationEpic1" name="searchFlights2">
    <skipped/>
  </testcase> <!-- searchFlights2 -->
  <system-out/>
  <testcase classname="com.tests.ValidationEpic1" name="searchFlights2">
    <skipped/>
  </testcase> <!-- searchFlights2 -->
  <system-out/>
  <testcase classname="com.tests.ValidationEpic1" name="validateHotelIsSelected2">
    <skipped/>
  </testcase> <!-- validateHotelIsSelected2 -->
  <system-out/>
  <testcase classname="com.tests.ValidationEpic1" name="validateHotelIsSelected2">
    <skipped/>
  </testcase> <!-- validateHotelIsSelected2 -->
  <system-out/>
  <testcase classname="com.tests.ValidationEpic1" name="searchFlights3">
    <skipped/>
  </testcase> <!-- searchFlights3 -->
  <system-out/>
  <testcase classname="com.tests.ValidationEpic1" name="searchFlights3">
    <skipped/>
  </testcase> <!-- searchFlights3 -->
  <system-out/>
  <testcase classname="com.tests.ValidationEpic1" name="searchFlights4">
    <skipped/>
  </testcase> <!-- searchFlights4 -->
  <system-out/>
  <testcase classname="com.tests.ValidationEpic1" name="searchFlights4">
    <skipped/>
  </testcase> <!-- searchFlights4 -->
  <system-out/>
  <testcase classname="com.tests.ValidationEpic1" name="searchFlights">
    <skipped/>
  </testcase> <!-- searchFlights -->
  <system-out/>
  <testcase classname="com.tests.ValidationEpic1" name="validateOfferesIsSelectedNegative">
    <skipped/>
  </testcase> <!-- validateOfferesIsSelectedNegative -->
  <system-out/>
  <testcase classname="com.tests.ValidationEpic1" name="searchFlights">
    <skipped/>
  </testcase> <!-- searchFlights -->
  <system-out/>
  <testcase classname="com.tests.ValidationEpic1" name="validateOfferesIsSelectedNegative">
    <skipped/>
  </testcase> <!-- validateOfferesIsSelectedNegative -->
  <system-out/>
  <testcase classname="com.tests.ValidationEpic1" name="validateBrokenIsSelected">
    <skipped/>
  </testcase> <!-- validateBrokenIsSelected -->
  <system-out/>
  <testcase classname="com.tests.ValidationEpic1" name="validateBrokenIsSelected">
    <skipped/>
  </testcase> <!-- validateBrokenIsSelected -->
  <system-out/>
  <testcase classname="com.tests.ValidationEpic1" name="validateOfferesIsSelected">
    <skipped/>
  </testcase> <!-- validateOfferesIsSelected -->
  <system-out/>
  <testcase classname="com.tests.ValidationEpic1" name="validateOfferesIsSelected">
    <skipped/>
  </testcase> <!-- validateOfferesIsSelected -->
  <system-out/>
</testsuite> <!-- com.tests.ValidationEpic1 -->
